V, 3856, 14, 2012/11/16, 21:30:05.288, JHONNY-PC\QTAgent32.exe, Tracing starting up. Stopwatch frequency is 2143613
DateTime 11/16/2012 9:30:15 PM, WebException: System.Net.WebException: The request was aborted: The request was canceled.
   at System.Net.HttpWebRequest.EndGetResponse(IAsyncResult asyncResult)
   at PubNub_Messaging.Pubnub.<>c__DisplayClass21`1.<_urlRequest>b__1a(IAsyncResult asynchronousResult) in C:\Users\Jhonny\Documents\GitHub\pubnub-api\silverlight-part\PubNub-Messaging\Pubnub.cs:line 1378 for URL: http://pubsub.pubnub.com/subscribe/demo/my%2Fchannel/0/0?uuid=822c11c4-a52e-4489-82b7-d1345c64e0b9
W, 3856, 14, 2012/11/16, 21:35:46.838, JHONNY-PC\QTAgent32.exe, Performance warning: m_test should be null when TestResult is serialized. Please find the offending code and correct it.
E, 3856, 22, 2012/11/16, 21:35:51.973, JHONNY-PC\QTAgent32.exe, Unit Test Adapter threw exception: System.Threading.ThreadAbortException: Thread was being aborted.
   at Microsoft.VisualStudio.TestTools.TestTypes.Unit.UnitTestExecuter.RunTestMethod()
   at Microsoft.VisualStudio.TestTools.TestTypes.Unit.UnitTestExecuter.ExecuteTest()
   at Microsoft.VisualStudio.TestTools.TestTypes.Unit.UnitTestExecuter.Execute(UnitTestResult result)
   at Microsoft.VisualStudio.TestTools.TestTypes.Unit.UnitTestRunner.ExecuteSingleTest(UnitTestExecuter executer, UnitTestElement test, ITestContext testContext, UnitTestAdapterContext userContext, Boolean isLoadTest)
   at Microsoft.VisualStudio.TestTools.TestTypes.Unit.UnitTestRunner.Run(UnitTestElement test, ITestContext testContext, Boolean isLoadTest, Boolean useMultipleCpus)
